<?xml version="1.0" encoding="UTF-8"?>
<!-- Generated by org.testng.reporters.JUnitReportReporter -->
<testsuite skipped="0" hostname="Sony" name="testCases.DeleteCustomerTest" tests="1" failures="0" timestamp="14 Oct 2021 18:16:42 GMT" time="6.913" errors="0">
  <testcase name="validateDeleteCustomerAPIWithValidCustomerID" time="6.913" classname="testCases.DeleteCustomerTest"/>
</testsuite> <!-- testCases.DeleteCustomerTest -->
