<?xml version="1.0" encoding="UTF-8"?>
<!-- Generated by org.testng.reporters.JUnitReportReporter -->
<testsuite skipped="0" hostname="Sony" name="testCases.DeleteCustomerTest" tests="1" failures="0" timestamp="15 Oct 2021 13:52:41 GMT" time="19.949" errors="0">
  <testcase name="validateDeleteCustomerAPIWithValidCustomerID" time="19.949" classname="testCases.DeleteCustomerTest"/>
</testsuite> <!-- testCases.DeleteCustomerTest -->
